<?xml version="1.0" encoding="UTF-8"?>
<!-- Generated by org.testng.reporters.JUnitXMLReporter -->
<testsuite hostname="Air-de-Patrick" ignored="0" name="testWinPlay" tests="3" failures="0" timestamp="08 mars 2019 16:20:41 GMT" time="0.044" errors="0">
  <testcase name="testWinPlay" time="0.004" classname="fr.p10.miage.rps.tests.RockPaperScissorsTest"/>
  <testcase name="testTiePlay" time="0.001" classname="fr.p10.miage.rps.tests.RockPaperScissorsTest"/>
  <testcase name="testLostPlay" time="0.0" classname="fr.p10.miage.rps.tests.RockPaperScissorsTest"/>
</testsuite> <!-- testWinPlay -->
