<?xml version="1.0" encoding="UTF-8"?>
<!-- Generated by org.testng.reporters.JUnitXMLReporter -->
<testsuite hostname="Air-de-Patrick" ignored="0" name="testWinPlay" tests="1" failures="1" timestamp="08 mars 2019 14:02:45 GMT" time="0.072" errors="0">
  <testcase name="testWinPlay" time="0.007" classname="fr.p10.miage.rps.tests.RockPaperScissorsTest">
    <failure type="java.lang.AssertionError" message="expected [WIN] but found [LOST]">
      <![CDATA[java.lang.AssertionError: expected [WIN] but found [LOST]
at fr.p10.miage.rps.tests.RockPaperScissorsTest.testWinPlay(RockPaperScissorsTest.java:29)
... Removed 33 stack frames]]>
    </failure>
  </testcase> <!-- testWinPlay -->
</testsuite> <!-- testWinPlay -->
