<?xml version="1.0" encoding="UTF-8"?>
<testng-results skipped="0" failed="0" ignored="0" total="3" passed="3">
  <reporter-output>
  </reporter-output>
  <suite name="RPS" duration-ms="44" started-at="2019-03-08T16:20:41Z" finished-at="2019-03-08T16:20:41Z">
    <groups>
    </groups>
    <test name="testWinPlay" duration-ms="44" started-at="2019-03-08T16:20:41Z" finished-at="2019-03-08T16:20:41Z">
      <class name="fr.p10.miage.rps.tests.RockPaperScissorsTest">
        <test-method status="PASS" signature="setUp()[pri:0, instance:fr.p10.miage.rps.tests.RockPaperScissorsTest@7d0587f1]" name="setUp" is-config="true" duration-ms="14" started-at="2019-03-08T16:20:41Z" finished-at="2019-03-08T16:20:41Z">
          <reporter-output>
          </reporter-output>
        </test-method> <!-- setUp -->
        <test-method status="PASS" signature="testWinPlay(java.lang.String, java.lang.String)[pri:0, instance:fr.p10.miage.rps.tests.RockPaperScissorsTest@7d0587f1]" name="testWinPlay" duration-ms="4" started-at="2019-03-08T16:20:41Z" finished-at="2019-03-08T16:20:41Z">
          <params>
            <param index="0">
              <value>
                <![CDATA[PAPER]]>
              </value>
            </param>
            <param index="1">
              <value>
                <![CDATA[ROCK]]>
              </value>
            </param>
          </params>
          <reporter-output>
          </reporter-output>
        </test-method> <!-- testWinPlay -->
        <test-method status="PASS" signature="testTiePlay(java.lang.String, java.lang.String)[pri:0, instance:fr.p10.miage.rps.tests.RockPaperScissorsTest@7d0587f1]" name="testTiePlay" duration-ms="1" started-at="2019-03-08T16:20:41Z" finished-at="2019-03-08T16:20:41Z">
          <params>
            <param index="0">
              <value>
                <![CDATA[PAPER]]>
              </value>
            </param>
            <param index="1">
              <value>
                <![CDATA[PAPER]]>
              </value>
            </param>
          </params>
          <reporter-output>
          </reporter-output>
        </test-method> <!-- testTiePlay -->
        <test-method status="PASS" signature="testLostPlay(java.lang.String, java.lang.String)[pri:0, instance:fr.p10.miage.rps.tests.RockPaperScissorsTest@7d0587f1]" name="testLostPlay" duration-ms="0" started-at="2019-03-08T16:20:41Z" finished-at="2019-03-08T16:20:41Z">
          <params>
            <param index="0">
              <value>
                <![CDATA[SCISSORS]]>
              </value>
            </param>
            <param index="1">
              <value>
                <![CDATA[ROCK]]>
              </value>
            </param>
          </params>
          <reporter-output>
          </reporter-output>
        </test-method> <!-- testLostPlay -->
        <test-method status="PASS" signature="tearDown()[pri:0, instance:fr.p10.miage.rps.tests.RockPaperScissorsTest@7d0587f1]" name="tearDown" is-config="true" duration-ms="0" started-at="2019-03-08T16:20:41Z" finished-at="2019-03-08T16:20:41Z">
          <reporter-output>
          </reporter-output>
        </test-method> <!-- tearDown -->
      </class> <!-- fr.p10.miage.rps.tests.RockPaperScissorsTest -->
    </test> <!-- testWinPlay -->
  </suite> <!-- RPS -->
</testng-results>
