-------------------------------------------------------------------------------
Test set: TestSuite
-------------------------------------------------------------------------------
Tests run: 2, Failures: 1, Errors: 0, Skipped: 0, Time elapsed: 0.93 sec <<< FAILURE! - in TestSuite
testTiePlay(fr.p10.miage.rps.tests.RockPaperScissorsTest)  Time elapsed: 0.013 sec  <<< FAILURE!
java.lang.AssertionError: expected [TIE] but found [WIN]
	at fr.p10.miage.rps.tests.RockPaperScissorsTest.testTiePlay(RockPaperScissorsTest.java:35)

