-------------------------------------------------------------------------------
Test set: TestSuite
-------------------------------------------------------------------------------
Tests run: 1, Failures: 1, Errors: 0, Skipped: 0, Time elapsed: 1.291 sec <<< FAILURE! - in TestSuite
testWinPlay(fr.p10.miage.rps.tests.RockPaperScissorsTest)  Time elapsed: 0.018 sec  <<< FAILURE!
java.lang.AssertionError: expected [WIN] but found [LOST]
	at fr.p10.miage.rps.tests.RockPaperScissorsTest.testWinPlay(RockPaperScissorsTest.java:29)

